2025-05-26T21:01:47.521+05:30  INFO 25348 --- [logs_] [main] org.example.logs_.LogsApplication        : Starting LogsApplication using Java 23.0.2 with PID 25348 (C:\Users\ADMIN\IdeaProjects\logs_\target\classes started by ADMIN in C:\Users\ADMIN\IdeaProjects\logs_)
2025-05-26T21:01:47.524+05:30  INFO 25348 --- [logs_] [main] org.example.logs_.LogsApplication        : No active profile set, falling back to 1 default profile: "default"
2025-05-26T21:01:48.160+05:30  INFO 25348 --- [logs_] [main] o.s.b.w.embedded.tomcat.TomcatWebServer  : Tomcat initialized with port 8080 (http)
2025-05-26T21:01:48.171+05:30  INFO 25348 --- [logs_] [main] o.apache.catalina.core.StandardService   : Starting service [Tomcat]
2025-05-26T21:01:48.172+05:30  INFO 25348 --- [logs_] [main] o.apache.catalina.core.StandardEngine    : Starting Servlet engine: [Apache Tomcat/10.1.41]
2025-05-26T21:01:48.201+05:30  INFO 25348 --- [logs_] [main] o.a.c.c.C.[Tomcat].[localhost].[/]       : Initializing Spring embedded WebApplicationContext
2025-05-26T21:01:48.201+05:30  INFO 25348 --- [logs_] [main] w.s.c.ServletWebServerApplicationContext : Root WebApplicationContext: initialization completed in 633 ms
2025-05-26T21:01:48.478+05:30  INFO 25348 --- [logs_] [main] o.s.b.w.embedded.tomcat.TomcatWebServer  : Tomcat started on port 8080 (http) with context path '/'
2025-05-26T21:01:48.483+05:30  INFO 25348 --- [logs_] [main] org.example.logs_.LogsApplication        : Started LogsApplication in 2.148 seconds (process running for 3.216)
2025-05-26T21:02:32.270+05:30  INFO 25348 --- [logs_] [SpringApplicationShutdownHook] o.s.b.w.e.tomcat.GracefulShutdown        : Commencing graceful shutdown. Waiting for active requests to complete
2025-05-26T21:02:32.286+05:30  INFO 25348 --- [logs_] [tomcat-shutdown] o.s.b.w.e.tomcat.GracefulShutdown        : Graceful shutdown complete
2025-05-26T21:02:35.604+05:30  INFO 2524 --- [logs_] [main] org.example.logs_.LogsApplication        : Starting LogsApplication using Java 23.0.2 with PID 2524 (C:\Users\ADMIN\IdeaProjects\logs_\target\classes started by ADMIN in C:\Users\ADMIN\IdeaProjects\logs_)
2025-05-26T21:02:35.607+05:30  INFO 2524 --- [logs_] [main] org.example.logs_.LogsApplication        : No active profile set, falling back to 1 default profile: "default"
2025-05-26T21:02:36.255+05:30  INFO 2524 --- [logs_] [main] o.s.b.w.embedded.tomcat.TomcatWebServer  : Tomcat initialized with port 8080 (http)
2025-05-26T21:02:36.266+05:30  INFO 2524 --- [logs_] [main] o.apache.catalina.core.StandardService   : Starting service [Tomcat]
2025-05-26T21:02:36.267+05:30  INFO 2524 --- [logs_] [main] o.apache.catalina.core.StandardEngine    : Starting Servlet engine: [Apache Tomcat/10.1.41]
2025-05-26T21:02:36.297+05:30  INFO 2524 --- [logs_] [main] o.a.c.c.C.[Tomcat].[localhost].[/]       : Initializing Spring embedded WebApplicationContext
2025-05-26T21:02:36.297+05:30  INFO 2524 --- [logs_] [main] w.s.c.ServletWebServerApplicationContext : Root WebApplicationContext: initialization completed in 644 ms
2025-05-26T21:02:36.555+05:30  INFO 2524 --- [logs_] [main] o.s.b.w.embedded.tomcat.TomcatWebServer  : Tomcat started on port 8080 (http) with context path '/'
2025-05-26T21:02:36.560+05:30  INFO 2524 --- [logs_] [main] org.example.logs_.LogsApplication        : Started LogsApplication in 1.319 seconds (process running for 1.845)
